<?xml version="1.0" encoding="UTF-8"?>
<!-- Generated by org.testng.reporters.JUnitReportReporter -->
<testsuite hostname="DESKTOP-F7S5V3E" name="testrest.FirstRequest" tests="1" failures="0" timestamp="21 Jun 2023 05:52:04 GMT" time="2.825" errors="0">
  <testcase name="ta1" time="2.825" classname="testrest.FirstRequest"/>
</testsuite> <!-- testrest.FirstRequest -->
