<?xml version="1.0" encoding="UTF-8"?>
<!-- Generated by org.testng.reporters.JUnitReportReporter -->
<testsuite hostname="DESKTOP-F7S5V3E" name="testrest.queryparam" tests="1" failures="0" timestamp="19 May 2023 06:15:19 GMT" time="2.317" errors="0">
  <testcase name="ParamExample" time="2.317" classname="testrest.queryparam"/>
</testsuite> <!-- testrest.queryparam -->
