<?xml version="1.0" encoding="UTF-8"?>
<!-- Generated by org.testng.reporters.JUnitReportReporter -->
<testsuite hostname="DESKTOP-F7S5V3E" name="testrest.putexample" tests="1" failures="0" timestamp="21 Jun 2023 05:59:12 GMT" time="3.453" errors="0">
  <testcase name="UserRegistrationSuccessful" time="3.453" classname="testrest.putexample"/>
</testsuite> <!-- testrest.putexample -->
